
> frontend@0.1.0 build
> next build

 ⚠ Warning: Next.js inferred your workspace root, but it may not be correct.
 We detected multiple lockfiles and selected the directory of /home/chegbe/Desktop/Projects/package-lock.json as the root directory.
 To silence this warning, set `outputFileTracingRoot` in your Next.js config, or consider removing one of the lockfiles if it's not needed.
   See https://nextjs.org/docs/app/api-reference/config/next-config-js/output#caveats for more information.
 Detected additional lockfiles: 
   * /home/chegbe/Desktop/Projects/Frontend_serviceman/frontend/package-lock.json

   ▲ Next.js 15.5.3

   Creating an optimized production build ...
 ✓ Compiled successfully in 9.9s
   Linting and checking validity of types ...
   Collecting page data ...
   Generating static pages (0/31) ...
📊 [Worker Metrics] Calculating metrics...
📊 [Worker Metrics] Service requests: []
📊 [Worker Metrics] Current user ID: undefined
📊 [Worker Metrics] My jobs: []
📊 [Worker Metrics] Total jobs: 0
📊 [Worker Metrics] Results: {
  totalJobs: 0,
  activeJobs: 0,
  completedJobs: 0,
  pendingReview: 0,
  estimatedEarnings: 0,
  completionRate: 0
}
   Generating static pages (7/31) 
   Generating static pages (15/31) 
   Generating static pages (23/31) 
 ✓ Generating static pages (31/31)
   Finalizing page optimization ...
   Collecting build traces ...

Route (app)                                 Size  First Load JS
┌ ○ /                                    12.3 kB         148 kB
├ ○ /_not-found                            998 B         103 kB
├ ○ /about                               6.81 kB         139 kB
├ ○ /admin/analytics                     4.26 kB         137 kB
├ ○ /admin/categories                    5.32 kB         134 kB
├ ○ /admin/dashboard                     7.28 kB         140 kB
├ ○ /admin/login                         4.13 kB         129 kB
├ ○ /admin/service-requests              6.13 kB         139 kB
├ ○ /admin/servicemen                    7.75 kB         141 kB
├ ○ /admin/skills                        4.31 kB         137 kB
├ ○ /admin/users                         6.33 kB         135 kB
├ ○ /auth/forgot-password                1.44 kB         127 kB
├ ○ /auth/login                          3.93 kB         129 kB
├ ○ /auth/register/admin                   970 B         103 kB
├ ○ /auth/register/client                2.57 kB         128 kB
├ ○ /auth/register/serviceman            2.59 kB         128 kB
├ ○ /categories                          7.11 kB         140 kB
├ ƒ /categories/[categoryId]/servicemen  8.41 kB         141 kB
├ ○ /contact                             6.74 kB         139 kB
├ ○ /dashboard                           2.67 kB         128 kB
├ ○ /dashboard/client                    5.26 kB         149 kB
├ ○ /dashboard/worker                    5.77 kB         150 kB
├ ○ /faq                                 4.15 kB         137 kB
├ ○ /notifications                       4.14 kB         139 kB
├ ○ /payment/booking-callback            2.96 kB         128 kB
├ ○ /payment/callback                      877 B         103 kB
├ ○ /profile                             4.13 kB         141 kB
├ ƒ /service-requests/[id]               13.2 kB         146 kB
├ ○ /servicemen                          3.86 kB         140 kB
├ ƒ /servicemen/[userId]                  8.5 kB         141 kB
└ ○ /settings                            3.72 kB         136 kB
+ First Load JS shared by all             102 kB
  ├ chunks/1255-1ba95d892eb26910.js      45.7 kB
  ├ chunks/4bd1b696-f785427dddbba9fb.js  54.2 kB
  └ other shared chunks (total)          1.94 kB


○  (Static)   prerendered as static content
ƒ  (Dynamic)  server-rendered on demand

